[0.265s] DEBUG:colcon:Command line arguments: ['/usr/bin/colcon', 'build', '--symlink-install']
[0.265s] DEBUG:colcon:Parsed command line arguments: Namespace(allow_overriding=[], ament_cmake_args=None, base_paths=['.'], build_base='build', catkin_cmake_args=None, catkin_skip_building_tests=False, cmake_args=None, cmake_clean_cache=False, cmake_clean_first=False, cmake_force_configure=False, cmake_target=None, cmake_target_skip_unavailable=False, continue_on_error=False, event_handlers=None, executor='parallel', ignore_user_meta=False, install_base='install', log_base=None, log_level=None, main=<bound method BuildVerb.main of <colcon_core.verb.build.BuildVerb object at 0x7efe99509550>>, merge_install=False, metas=['./colcon.meta'], packages_above=None, packages_above_and_dependencies=None, packages_above_depth=None, packages_end=None, packages_ignore=None, packages_ignore_regex=None, packages_select=None, packages_select_build_failed=False, packages_select_by_dep=None, packages_select_regex=None, packages_select_test_failures=False, packages_skip=None, packages_skip_build_finished=False, packages_skip_by_dep=None, packages_skip_regex=None, packages_skip_test_passed=False, packages_skip_up_to=None, packages_start=None, packages_up_to=None, packages_up_to_regex=None, parallel_workers=16, paths=None, symlink_install=True, test_result_base=None, verb_extension=<colcon_core.verb.build.BuildVerb object at 0x7efe99509550>, verb_name='build', verb_parser=<colcon_defaults.argument_parser.defaults.DefaultArgumentsDecorator object at 0x7efe99509a90>)
[0.300s] Level 1:colcon.colcon_core.package_discovery:discover_packages(colcon_meta) check parameters
[0.300s] Level 1:colcon.colcon_core.package_discovery:discover_packages(recursive) check parameters
[0.300s] Level 1:colcon.colcon_core.package_discovery:discover_packages(ignore) check parameters
[0.300s] Level 1:colcon.colcon_core.package_discovery:discover_packages(path) check parameters
[0.300s] Level 1:colcon.colcon_core.package_discovery:discover_packages(colcon_meta) discover
[0.301s] Level 1:colcon.colcon_core.package_discovery:discover_packages(recursive) discover
[0.301s] INFO:colcon.colcon_core.package_discovery:Crawling recursively for packages in '/home/ubuntu/auto_parking/car_ws'
[0.301s] Level 1:colcon.colcon_core.package_identification:_identify(.) by extensions ['ignore', 'ignore_ament_install']
[0.301s] Level 1:colcon.colcon_core.package_identification:_identify(.) by extension 'ignore'
[0.301s] Level 1:colcon.colcon_core.package_identification:_identify(.) by extension 'ignore_ament_install'
[0.301s] Level 1:colcon.colcon_core.package_identification:_identify(.) by extensions ['colcon_pkg']
[0.301s] Level 1:colcon.colcon_core.package_identification:_identify(.) by extension 'colcon_pkg'
[0.301s] Level 1:colcon.colcon_core.package_identification:_identify(.) by extensions ['colcon_meta']
[0.301s] Level 1:colcon.colcon_core.package_identification:_identify(.) by extension 'colcon_meta'
[0.301s] Level 1:colcon.colcon_core.package_identification:_identify(.) by extensions ['ros']
[0.301s] Level 1:colcon.colcon_core.package_identification:_identify(.) by extension 'ros'
[0.319s] Level 1:colcon.colcon_core.package_identification:_identify(.) by extensions ['cmake', 'python']
[0.319s] Level 1:colcon.colcon_core.package_identification:_identify(.) by extension 'cmake'
[0.319s] Level 1:colcon.colcon_core.package_identification:_identify(.) by extension 'python'
[0.319s] Level 1:colcon.colcon_core.package_identification:_identify(.) by extensions ['python_setup_py']
[0.319s] Level 1:colcon.colcon_core.package_identification:_identify(.) by extension 'python_setup_py'
[0.320s] Level 1:colcon.colcon_core.package_identification:_identify(build) by extensions ['ignore', 'ignore_ament_install']
[0.320s] Level 1:colcon.colcon_core.package_identification:_identify(build) by extension 'ignore'
[0.320s] Level 1:colcon.colcon_core.package_identification:_identify(build) ignored
[0.320s] Level 1:colcon.colcon_core.package_identification:_identify(install) by extensions ['ignore', 'ignore_ament_install']
[0.320s] Level 1:colcon.colcon_core.package_identification:_identify(install) by extension 'ignore'
[0.320s] Level 1:colcon.colcon_core.package_identification:_identify(install) ignored
[0.320s] Level 1:colcon.colcon_core.package_identification:_identify(log) by extensions ['ignore', 'ignore_ament_install']
[0.320s] Level 1:colcon.colcon_core.package_identification:_identify(log) by extension 'ignore'
[0.320s] Level 1:colcon.colcon_core.package_identification:_identify(log) ignored
[0.320s] Level 1:colcon.colcon_core.package_identification:_identify(src) by extensions ['ignore', 'ignore_ament_install']
[0.320s] Level 1:colcon.colcon_core.package_identification:_identify(src) by extension 'ignore'
[0.320s] Level 1:colcon.colcon_core.package_identification:_identify(src) by extension 'ignore_ament_install'
[0.321s] Level 1:colcon.colcon_core.package_identification:_identify(src) by extensions ['colcon_pkg']
[0.321s] Level 1:colcon.colcon_core.package_identification:_identify(src) by extension 'colcon_pkg'
[0.321s] Level 1:colcon.colcon_core.package_identification:_identify(src) by extensions ['colcon_meta']
[0.321s] Level 1:colcon.colcon_core.package_identification:_identify(src) by extension 'colcon_meta'
[0.321s] Level 1:colcon.colcon_core.package_identification:_identify(src) by extensions ['ros']
[0.321s] Level 1:colcon.colcon_core.package_identification:_identify(src) by extension 'ros'
[0.321s] Level 1:colcon.colcon_core.package_identification:_identify(src) by extensions ['cmake', 'python']
[0.321s] Level 1:colcon.colcon_core.package_identification:_identify(src) by extension 'cmake'
[0.321s] Level 1:colcon.colcon_core.package_identification:_identify(src) by extension 'python'
[0.321s] Level 1:colcon.colcon_core.package_identification:_identify(src) by extensions ['python_setup_py']
[0.321s] Level 1:colcon.colcon_core.package_identification:_identify(src) by extension 'python_setup_py'
[0.321s] Level 1:colcon.colcon_core.package_identification:_identify(src/auto_park2) by extensions ['ignore', 'ignore_ament_install']
[0.321s] Level 1:colcon.colcon_core.package_identification:_identify(src/auto_park2) by extension 'ignore'
[0.321s] Level 1:colcon.colcon_core.package_identification:_identify(src/auto_park2) by extension 'ignore_ament_install'
[0.321s] Level 1:colcon.colcon_core.package_identification:_identify(src/auto_park2) by extensions ['colcon_pkg']
[0.321s] Level 1:colcon.colcon_core.package_identification:_identify(src/auto_park2) by extension 'colcon_pkg'
[0.322s] Level 1:colcon.colcon_core.package_identification:_identify(src/auto_park2) by extensions ['colcon_meta']
[0.322s] Level 1:colcon.colcon_core.package_identification:_identify(src/auto_park2) by extension 'colcon_meta'
[0.322s] Level 1:colcon.colcon_core.package_identification:_identify(src/auto_park2) by extensions ['ros']
[0.322s] Level 1:colcon.colcon_core.package_identification:_identify(src/auto_park2) by extension 'ros'
[0.324s] DEBUG:colcon.colcon_core.package_identification:Package 'src/auto_park2' with type 'ros.ament_cmake' and name 'auto_park2'
[0.324s] Level 1:colcon.colcon_core.package_discovery:discover_packages(recursive) using defaults
[0.324s] Level 1:colcon.colcon_core.package_discovery:discover_packages(ignore) discover
[0.324s] Level 1:colcon.colcon_core.package_discovery:discover_packages(ignore) using defaults
[0.324s] Level 1:colcon.colcon_core.package_discovery:discover_packages(path) discover
[0.324s] Level 1:colcon.colcon_core.package_discovery:discover_packages(path) using defaults
[0.344s] Level 1:colcon.colcon_core.package_discovery:discover_packages(prefix_path) check parameters
[0.344s] Level 1:colcon.colcon_core.package_discovery:discover_packages(prefix_path) discover
[0.347s] DEBUG:colcon.colcon_installed_package_information.package_discovery:Found 0 installed packages in /home/ubuntu/auto_parking/car_ws/install
[0.348s] DEBUG:colcon.colcon_installed_package_information.package_discovery:Found 3 installed packages in /home/ubuntu/auto_parking/turtlebot3_ws/install
[0.349s] DEBUG:colcon.colcon_installed_package_information.package_discovery:Found 325 installed packages in /opt/ros/foxy
[0.351s] Level 1:colcon.colcon_core.package_discovery:discover_packages(prefix_path) using defaults
[0.422s] Level 5:colcon.colcon_core.verb:set package 'auto_park2' build argument 'cmake_args' from command line to 'None'
[0.422s] Level 5:colcon.colcon_core.verb:set package 'auto_park2' build argument 'cmake_target' from command line to 'None'
[0.422s] Level 5:colcon.colcon_core.verb:set package 'auto_park2' build argument 'cmake_target_skip_unavailable' from command line to 'False'
[0.422s] Level 5:colcon.colcon_core.verb:set package 'auto_park2' build argument 'cmake_clean_cache' from command line to 'False'
[0.422s] Level 5:colcon.colcon_core.verb:set package 'auto_park2' build argument 'cmake_clean_first' from command line to 'False'
[0.422s] Level 5:colcon.colcon_core.verb:set package 'auto_park2' build argument 'cmake_force_configure' from command line to 'False'
[0.422s] Level 5:colcon.colcon_core.verb:set package 'auto_park2' build argument 'ament_cmake_args' from command line to 'None'
[0.422s] Level 5:colcon.colcon_core.verb:set package 'auto_park2' build argument 'catkin_cmake_args' from command line to 'None'
[0.422s] Level 5:colcon.colcon_core.verb:set package 'auto_park2' build argument 'catkin_skip_building_tests' from command line to 'False'
[0.422s] DEBUG:colcon.colcon_core.verb:Building package 'auto_park2' with the following arguments: {'ament_cmake_args': None, 'build_base': '/home/ubuntu/auto_parking/car_ws/build/auto_park2', 'catkin_cmake_args': None, 'catkin_skip_building_tests': False, 'cmake_args': None, 'cmake_clean_cache': False, 'cmake_clean_first': False, 'cmake_force_configure': False, 'cmake_target': None, 'cmake_target_skip_unavailable': False, 'install_base': '/home/ubuntu/auto_parking/car_ws/install/auto_park2', 'merge_install': False, 'path': '/home/ubuntu/auto_parking/car_ws/src/auto_park2', 'symlink_install': True, 'test_result_base': None}
[0.423s] INFO:colcon.colcon_core.executor:Executing jobs using 'parallel' executor
[0.426s] DEBUG:colcon.colcon_parallel_executor.executor.parallel:run_until_complete
[0.426s] INFO:colcon.colcon_ros.task.ament_cmake.build:Building ROS package in '/home/ubuntu/auto_parking/car_ws/src/auto_park2' with build type 'ament_cmake'
[0.426s] INFO:colcon.colcon_cmake.task.cmake.build:Building CMake package in '/home/ubuntu/auto_parking/car_ws/src/auto_park2'
[0.432s] INFO:colcon.colcon_core.plugin_system:Skipping extension 'colcon_core.shell.bat': Not used on non-Windows systems
[0.432s] INFO:colcon.colcon_core.shell:Skip shell extension 'powershell' for command environment: Not usable outside of PowerShell
[0.432s] DEBUG:colcon.colcon_core.shell:Skip shell extension 'dsv' for command environment
[0.444s] DEBUG:colcon.colcon_core.event_handler.log_command:Invoking command in '/home/ubuntu/auto_parking/car_ws/build/auto_park2': CMAKE_PREFIX_PATH=${CMAKE_PREFIX_PATH}:/home/ubuntu/auto_parking/turtlebot3_ws/install/line_tracker:/home/ubuntu/auto_parking/turtlebot3_ws/install/ball_tracker:/opt/ros/foxy /usr/bin/cmake /home/ubuntu/auto_parking/car_ws/src/auto_park2 -DAMENT_CMAKE_SYMLINK_INSTALL=1 -DCMAKE_INSTALL_PREFIX=/home/ubuntu/auto_parking/car_ws/install/auto_park2
[1.308s] DEBUG:colcon.colcon_core.event_handler.log_command:Invoked command in '/home/ubuntu/auto_parking/car_ws/build/auto_park2' returned '0': CMAKE_PREFIX_PATH=${CMAKE_PREFIX_PATH}:/home/ubuntu/auto_parking/turtlebot3_ws/install/line_tracker:/home/ubuntu/auto_parking/turtlebot3_ws/install/ball_tracker:/opt/ros/foxy /usr/bin/cmake /home/ubuntu/auto_parking/car_ws/src/auto_park2 -DAMENT_CMAKE_SYMLINK_INSTALL=1 -DCMAKE_INSTALL_PREFIX=/home/ubuntu/auto_parking/car_ws/install/auto_park2
[1.309s] DEBUG:colcon.colcon_core.event_handler.log_command:Invoking command in '/home/ubuntu/auto_parking/car_ws/build/auto_park2': CMAKE_PREFIX_PATH=${CMAKE_PREFIX_PATH}:/home/ubuntu/auto_parking/turtlebot3_ws/install/line_tracker:/home/ubuntu/auto_parking/turtlebot3_ws/install/ball_tracker:/opt/ros/foxy /usr/bin/cmake --build /home/ubuntu/auto_parking/car_ws/build/auto_park2 -- -j16 -l16
[1.339s] DEBUG:colcon.colcon_core.event_handler.log_command:Invoked command in '/home/ubuntu/auto_parking/car_ws/build/auto_park2' returned '0': CMAKE_PREFIX_PATH=${CMAKE_PREFIX_PATH}:/home/ubuntu/auto_parking/turtlebot3_ws/install/line_tracker:/home/ubuntu/auto_parking/turtlebot3_ws/install/ball_tracker:/opt/ros/foxy /usr/bin/cmake --build /home/ubuntu/auto_parking/car_ws/build/auto_park2 -- -j16 -l16
[1.363s] DEBUG:colcon.colcon_core.event_handler.log_command:Invoking command in '/home/ubuntu/auto_parking/car_ws/build/auto_park2': CMAKE_PREFIX_PATH=${CMAKE_PREFIX_PATH}:/home/ubuntu/auto_parking/turtlebot3_ws/install/line_tracker:/home/ubuntu/auto_parking/turtlebot3_ws/install/ball_tracker:/opt/ros/foxy /usr/bin/cmake --install /home/ubuntu/auto_parking/car_ws/build/auto_park2
[1.629s] Level 1:colcon.colcon_core.environment:create_environment_scripts_only(auto_park2)
[1.630s] DEBUG:colcon.colcon_core.event_handler.log_command:Invoked command in '/home/ubuntu/auto_parking/car_ws/build/auto_park2' returned '0': CMAKE_PREFIX_PATH=${CMAKE_PREFIX_PATH}:/home/ubuntu/auto_parking/turtlebot3_ws/install/line_tracker:/home/ubuntu/auto_parking/turtlebot3_ws/install/ball_tracker:/opt/ros/foxy /usr/bin/cmake --install /home/ubuntu/auto_parking/car_ws/build/auto_park2
[1.637s] Level 1:colcon.colcon_core.environment:checking '/home/ubuntu/auto_parking/car_ws/install/auto_park2' for CMake module files
[1.637s] Level 1:colcon.colcon_core.environment:checking '/home/ubuntu/auto_parking/car_ws/install/auto_park2' for CMake config files
[1.637s] Level 1:colcon.colcon_core.shell:create_environment_hook('auto_park2', 'cmake_prefix_path')
[1.639s] INFO:colcon.colcon_core.shell:Creating environment hook '/home/ubuntu/auto_parking/car_ws/install/auto_park2/share/auto_park2/hook/cmake_prefix_path.ps1'
[1.640s] INFO:colcon.colcon_core.shell:Creating environment descriptor '/home/ubuntu/auto_parking/car_ws/install/auto_park2/share/auto_park2/hook/cmake_prefix_path.dsv'
[1.640s] INFO:colcon.colcon_core.shell:Creating environment hook '/home/ubuntu/auto_parking/car_ws/install/auto_park2/share/auto_park2/hook/cmake_prefix_path.sh'
[1.641s] Level 1:colcon.colcon_core.environment:checking '/home/ubuntu/auto_parking/car_ws/install/auto_park2/bin'
[1.641s] Level 1:colcon.colcon_core.environment:checking '/home/ubuntu/auto_parking/car_ws/install/auto_park2/lib/pkgconfig/auto_park2.pc'
[1.641s] Level 1:colcon.colcon_core.environment:checking '/home/ubuntu/auto_parking/car_ws/install/auto_park2/lib/python3.8/site-packages'
[1.642s] Level 1:colcon.colcon_core.environment:checking '/home/ubuntu/auto_parking/car_ws/install/auto_park2/bin'
[1.643s] INFO:colcon.colcon_core.shell:Creating package script '/home/ubuntu/auto_parking/car_ws/install/auto_park2/share/auto_park2/package.ps1'
[1.644s] INFO:colcon.colcon_core.shell:Creating package descriptor '/home/ubuntu/auto_parking/car_ws/install/auto_park2/share/auto_park2/package.dsv'
[1.644s] INFO:colcon.colcon_core.shell:Creating package script '/home/ubuntu/auto_parking/car_ws/install/auto_park2/share/auto_park2/package.sh'
[1.645s] INFO:colcon.colcon_core.shell:Creating package script '/home/ubuntu/auto_parking/car_ws/install/auto_park2/share/auto_park2/package.bash'
[1.646s] INFO:colcon.colcon_core.shell:Creating package script '/home/ubuntu/auto_parking/car_ws/install/auto_park2/share/auto_park2/package.zsh'
[1.647s] Level 1:colcon.colcon_core.environment:create_file_with_runtime_dependencies(/home/ubuntu/auto_parking/car_ws/install/auto_park2/share/colcon-core/packages/auto_park2)
[1.665s] Level 1:colcon.colcon_core.environment:create_environment_scripts_only(auto_park2)
[1.667s] Level 1:colcon.colcon_core.environment:checking '/home/ubuntu/auto_parking/car_ws/install/auto_park2' for CMake module files
[1.667s] Level 1:colcon.colcon_core.environment:checking '/home/ubuntu/auto_parking/car_ws/install/auto_park2' for CMake config files
[1.668s] Level 1:colcon.colcon_core.shell:create_environment_hook('auto_park2', 'cmake_prefix_path')
[1.669s] INFO:colcon.colcon_core.shell:Creating environment hook '/home/ubuntu/auto_parking/car_ws/install/auto_park2/share/auto_park2/hook/cmake_prefix_path.ps1'
[1.669s] INFO:colcon.colcon_core.shell:Creating environment descriptor '/home/ubuntu/auto_parking/car_ws/install/auto_park2/share/auto_park2/hook/cmake_prefix_path.dsv'
[1.669s] INFO:colcon.colcon_core.shell:Creating environment hook '/home/ubuntu/auto_parking/car_ws/install/auto_park2/share/auto_park2/hook/cmake_prefix_path.sh'
[1.670s] Level 1:colcon.colcon_core.environment:checking '/home/ubuntu/auto_parking/car_ws/install/auto_park2/bin'
[1.670s] Level 1:colcon.colcon_core.environment:checking '/home/ubuntu/auto_parking/car_ws/install/auto_park2/lib/pkgconfig/auto_park2.pc'
[1.670s] Level 1:colcon.colcon_core.environment:checking '/home/ubuntu/auto_parking/car_ws/install/auto_park2/lib/python3.8/site-packages'
[1.670s] Level 1:colcon.colcon_core.environment:checking '/home/ubuntu/auto_parking/car_ws/install/auto_park2/bin'
[1.671s] INFO:colcon.colcon_core.shell:Creating package script '/home/ubuntu/auto_parking/car_ws/install/auto_park2/share/auto_park2/package.ps1'
[1.672s] INFO:colcon.colcon_core.shell:Creating package descriptor '/home/ubuntu/auto_parking/car_ws/install/auto_park2/share/auto_park2/package.dsv'
[1.672s] INFO:colcon.colcon_core.shell:Creating package script '/home/ubuntu/auto_parking/car_ws/install/auto_park2/share/auto_park2/package.sh'
[1.672s] INFO:colcon.colcon_core.shell:Creating package script '/home/ubuntu/auto_parking/car_ws/install/auto_park2/share/auto_park2/package.bash'
[1.673s] INFO:colcon.colcon_core.shell:Creating package script '/home/ubuntu/auto_parking/car_ws/install/auto_park2/share/auto_park2/package.zsh'
[1.673s] Level 1:colcon.colcon_core.environment:create_file_with_runtime_dependencies(/home/ubuntu/auto_parking/car_ws/install/auto_park2/share/colcon-core/packages/auto_park2)
[1.673s] DEBUG:colcon.colcon_parallel_executor.executor.parallel:closing loop
[1.673s] DEBUG:colcon.colcon_parallel_executor.executor.parallel:loop closed
[1.674s] DEBUG:colcon.colcon_parallel_executor.executor.parallel:run_until_complete finished with '0'
[1.674s] DEBUG:colcon.colcon_core.event_reactor:joining thread
[1.680s] INFO:colcon.colcon_core.plugin_system:Skipping extension 'colcon_notification.desktop_notification.notify_send': Could not find 'notify-send'
[1.680s] INFO:colcon.colcon_core.plugin_system:Skipping extension 'colcon_notification.desktop_notification.terminal_notifier': Not used on non-Darwin systems
[1.680s] INFO:colcon.colcon_core.plugin_system:Skipping extension 'colcon_notification.desktop_notification.win32': Not used on non-Windows systems
[1.680s] INFO:colcon.colcon_notification.desktop_notification:Sending desktop notification using 'notify2'
[1.685s] DEBUG:colcon.colcon_notification.desktop_notification.notify2:Failed to initialize notify2: org.freedesktop.DBus.Error.ServiceUnknown: The name org.freedesktop.Notifications was not provided by any .service files
[1.685s] DEBUG:colcon.colcon_core.event_reactor:joined thread
[1.687s] INFO:colcon.colcon_core.shell:Creating prefix script '/home/ubuntu/auto_parking/car_ws/install/local_setup.ps1'
[1.688s] INFO:colcon.colcon_core.shell:Creating prefix util module '/home/ubuntu/auto_parking/car_ws/install/_local_setup_util_ps1.py'
[1.689s] INFO:colcon.colcon_core.shell:Creating prefix chain script '/home/ubuntu/auto_parking/car_ws/install/setup.ps1'
[1.691s] INFO:colcon.colcon_core.shell:Creating prefix script '/home/ubuntu/auto_parking/car_ws/install/local_setup.sh'
[1.691s] INFO:colcon.colcon_core.shell:Creating prefix util module '/home/ubuntu/auto_parking/car_ws/install/_local_setup_util_sh.py'
[1.692s] INFO:colcon.colcon_core.shell:Creating prefix chain script '/home/ubuntu/auto_parking/car_ws/install/setup.sh'
[1.693s] INFO:colcon.colcon_core.shell:Creating prefix script '/home/ubuntu/auto_parking/car_ws/install/local_setup.bash'
[1.694s] INFO:colcon.colcon_core.shell:Creating prefix chain script '/home/ubuntu/auto_parking/car_ws/install/setup.bash'
[1.695s] INFO:colcon.colcon_core.shell:Creating prefix script '/home/ubuntu/auto_parking/car_ws/install/local_setup.zsh'
[1.695s] INFO:colcon.colcon_core.shell:Creating prefix chain script '/home/ubuntu/auto_parking/car_ws/install/setup.zsh'
