[0.012s] Invoking command in '/home/ubuntu/project/turtlebot3_ws/build/auto_park': CMAKE_PREFIX_PATH=/opt/ros/foxy /usr/bin/cmake /home/ubuntu/project/turtlebot3_ws/src/auto_park -DAMENT_CMAKE_SYMLINK_INSTALL=1 -DCMAKE_INSTALL_PREFIX=/home/ubuntu/project/turtlebot3_ws/install/auto_park
[0.081s] -- The C compiler identification is GNU 9.4.0
[0.122s] -- The CXX compiler identification is GNU 9.4.0
[0.126s] -- Check for working C compiler: /usr/bin/cc
[0.179s] -- Check for working C compiler: /usr/bin/cc -- works
[0.179s] -- Detecting C compiler ABI info
[0.228s] -- Detecting C compiler ABI info - done
[0.237s] -- Detecting C compile features
[0.237s] -- Detecting C compile features - done
[0.239s] -- Check for working CXX compiler: /usr/bin/c++
[0.297s] -- Check for working CXX compiler: /usr/bin/c++ -- works
[0.298s] -- Detecting CXX compiler ABI info
[0.357s] -- Detecting CXX compiler ABI info - done
[0.366s] -- Detecting CXX compile features
[0.367s] -- Detecting CXX compile features - done
[0.368s] -- Found ament_cmake: 0.9.11 (/opt/ros/foxy/share/ament_cmake/cmake)
[0.386s] -- Found PythonInterp: /usr/bin/python3 (found suitable version "3.8.10", minimum required is "3") 
[0.387s] -- Using PYTHON_EXECUTABLE: /usr/bin/python3
[0.516s] -- Override CMake install command with custom implementation using symlinks instead of copying resources
[0.531s] -- Found ament_lint_auto: 0.9.8 (/opt/ros/foxy/share/ament_lint_auto/cmake)
[0.587s] -- Added test 'copyright' to check source files copyright and LICENSE
[0.589s] -- Added test 'flake8' to check Python code syntax and style conventions
[0.589s] -- Added test 'lint_cmake' to check CMake code style
[0.590s] -- Added test 'pep257' to check Python code against some of the style conventions in PEP 257
[0.591s] -- Added test 'xmllint' to check XML markup files
[0.593s] -- Configuring done
[0.595s] -- Generating done
[0.596s] -- Build files have been written to: /home/ubuntu/project/turtlebot3_ws/build/auto_park
[0.601s] Invoked command in '/home/ubuntu/project/turtlebot3_ws/build/auto_park' returned '0': CMAKE_PREFIX_PATH=/opt/ros/foxy /usr/bin/cmake /home/ubuntu/project/turtlebot3_ws/src/auto_park -DAMENT_CMAKE_SYMLINK_INSTALL=1 -DCMAKE_INSTALL_PREFIX=/home/ubuntu/project/turtlebot3_ws/install/auto_park
[0.601s] Invoking command in '/home/ubuntu/project/turtlebot3_ws/build/auto_park': CMAKE_PREFIX_PATH=/opt/ros/foxy /usr/bin/cmake --build /home/ubuntu/project/turtlebot3_ws/build/auto_park -- -j16 -l16
[0.631s] Invoked command in '/home/ubuntu/project/turtlebot3_ws/build/auto_park' returned '0': CMAKE_PREFIX_PATH=/opt/ros/foxy /usr/bin/cmake --build /home/ubuntu/project/turtlebot3_ws/build/auto_park -- -j16 -l16
[0.653s] Invoking command in '/home/ubuntu/project/turtlebot3_ws/build/auto_park': CMAKE_PREFIX_PATH=/opt/ros/foxy /usr/bin/cmake --install /home/ubuntu/project/turtlebot3_ws/build/auto_park
[0.660s] -- Install configuration: ""
[0.660s] -- Execute custom install script
[0.661s] -- Symlinking: /home/ubuntu/project/turtlebot3_ws/install/auto_park/share/auto_park/config/controllers.yaml
[0.667s] -- Symlinking: /home/ubuntu/project/turtlebot3_ws/install/auto_park/share/auto_park/description/burger_base.stl
[0.674s] -- Symlinking: /home/ubuntu/project/turtlebot3_ws/install/auto_park/share/auto_park/description/common_properties.xacro
[0.680s] -- Symlinking: /home/ubuntu/project/turtlebot3_ws/install/auto_park/share/auto_park/description/lds.stl
[0.687s] -- Symlinking: /home/ubuntu/project/turtlebot3_ws/install/auto_park/share/auto_park/description/left_tire.stl
[0.693s] -- Symlinking: /home/ubuntu/project/turtlebot3_ws/install/auto_park/share/auto_park/description/right_tire.stl
[0.700s] -- Symlinking: /home/ubuntu/project/turtlebot3_ws/install/auto_park/share/auto_park/description/robot.urdf.xacro
[0.706s] -- Symlinking: /home/ubuntu/project/turtlebot3_ws/install/auto_park/share/auto_park/description/robot_control.xacro
[0.713s] -- Symlinking: /home/ubuntu/project/turtlebot3_ws/install/auto_park/share/auto_park/description/turtlebot3_burger.gazebo.xacro
[0.719s] -- Symlinking: /home/ubuntu/project/turtlebot3_ws/install/auto_park/share/auto_park/description/turtlebot3_burger.urdf.xacro
[0.726s] -- Symlinking: /home/ubuntu/project/turtlebot3_ws/install/auto_park/share/auto_park/launch/launch_sim.launch.py
[0.732s] -- Symlinking: /home/ubuntu/project/turtlebot3_ws/install/auto_park/share/auto_park/launch/rsp.launch.py
[0.739s] -- Symlinking: /home/ubuntu/project/turtlebot3_ws/install/auto_park/share/auto_park/worlds/empty.world
[0.746s] -- Symlinking: /home/ubuntu/project/turtlebot3_ws/install/auto_park/share/auto_park/worlds/parking_garage.world
[0.752s] -- Symlinking: /home/ubuntu/project/turtlebot3_ws/install/auto_park/share/auto_park/worlds/parking_lot1.world
[0.759s] -- Symlinking: /home/ubuntu/project/turtlebot3_ws/install/auto_park/share/ament_index/resource_index/package_run_dependencies/auto_park
[0.766s] -- Symlinking: /home/ubuntu/project/turtlebot3_ws/install/auto_park/share/ament_index/resource_index/parent_prefix_path/auto_park
[0.773s] -- Symlinking: /home/ubuntu/project/turtlebot3_ws/install/auto_park/share/auto_park/environment/ament_prefix_path.sh
[0.779s] -- Symlinking: /home/ubuntu/project/turtlebot3_ws/install/auto_park/share/auto_park/environment/ament_prefix_path.dsv
[0.786s] -- Symlinking: /home/ubuntu/project/turtlebot3_ws/install/auto_park/share/auto_park/environment/path.sh
[0.793s] -- Symlinking: /home/ubuntu/project/turtlebot3_ws/install/auto_park/share/auto_park/environment/path.dsv
[0.800s] -- Symlinking: /home/ubuntu/project/turtlebot3_ws/install/auto_park/share/auto_park/local_setup.bash
[0.807s] -- Symlinking: /home/ubuntu/project/turtlebot3_ws/install/auto_park/share/auto_park/local_setup.sh
[0.814s] -- Symlinking: /home/ubuntu/project/turtlebot3_ws/install/auto_park/share/auto_park/local_setup.zsh
[0.821s] -- Symlinking: /home/ubuntu/project/turtlebot3_ws/install/auto_park/share/auto_park/local_setup.dsv
[0.827s] -- Symlinking: /home/ubuntu/project/turtlebot3_ws/install/auto_park/share/auto_park/package.dsv
[0.834s] -- Symlinking: /home/ubuntu/project/turtlebot3_ws/install/auto_park/share/ament_index/resource_index/packages/auto_park
[0.841s] -- Symlinking: /home/ubuntu/project/turtlebot3_ws/install/auto_park/share/auto_park/cmake/auto_parkConfig.cmake
[0.848s] -- Symlinking: /home/ubuntu/project/turtlebot3_ws/install/auto_park/share/auto_park/cmake/auto_parkConfig-version.cmake
[0.855s] -- Symlinking: /home/ubuntu/project/turtlebot3_ws/install/auto_park/share/auto_park/package.xml
[0.863s] Invoked command in '/home/ubuntu/project/turtlebot3_ws/build/auto_park' returned '0': CMAKE_PREFIX_PATH=/opt/ros/foxy /usr/bin/cmake --install /home/ubuntu/project/turtlebot3_ws/build/auto_park
