-- The C compiler identification is GNU 9.4.0
-- The CXX compiler identification is GNU 9.4.0
-- Check for working C compiler: /usr/bin/cc
-- Check for working C compiler: /usr/bin/cc -- works
-- Detecting C compiler ABI info
-- Detecting C compiler ABI info - done
-- Detecting C compile features
-- Detecting C compile features - done
-- Check for working CXX compiler: /usr/bin/c++
-- Check for working CXX compiler: /usr/bin/c++ -- works
-- Detecting CXX compiler ABI info
-- Detecting CXX compiler ABI info - done
-- Detecting CXX compile features
-- Detecting CXX compile features - done
-- Found ament_cmake: 0.9.11 (/opt/ros/foxy/share/ament_cmake/cmake)
-- Found PythonInterp: /usr/bin/python3 (found suitable version "3.8.10", minimum required is "3") 
-- Using PYTHON_EXECUTABLE: /usr/bin/python3
-- Override CMake install command with custom implementation using symlinks instead of copying resources
-- Found ament_lint_auto: 0.9.8 (/opt/ros/foxy/share/ament_lint_auto/cmake)
-- Added test 'copyright' to check source files copyright and LICENSE
-- Added test 'flake8' to check Python code syntax and style conventions
-- Added test 'lint_cmake' to check CMake code style
-- Added test 'pep257' to check Python code against some of the style conventions in PEP 257
-- Added test 'xmllint' to check XML markup files
-- Configuring done
-- Generating done
-- Build files have been written to: /home/ubuntu/auto_parking/car_ws/build/auto_park2
-- Install configuration: ""
-- Execute custom install script
-- Symlinking: /home/ubuntu/auto_parking/car_ws/install/auto_park2/share/auto_park2/config/controllers.yaml
-- Symlinking: /home/ubuntu/auto_parking/car_ws/install/auto_park2/share/auto_park2/description/Hybrid.png
-- Symlinking: /home/ubuntu/auto_parking/car_ws/install/auto_park2/share/auto_park2/description/Hybrid_Interior.png
-- Symlinking: /home/ubuntu/auto_parking/car_ws/install/auto_park2/share/auto_park2/description/Wheels3.png
-- Symlinking: /home/ubuntu/auto_parking/car_ws/install/auto_park2/share/auto_park2/description/hybrid_body.mtl
-- Symlinking: /home/ubuntu/auto_parking/car_ws/install/auto_park2/share/auto_park2/description/hybrid_body.obj
-- Symlinking: /home/ubuntu/auto_parking/car_ws/install/auto_park2/share/auto_park2/description/prius.urdf
-- Symlinking: /home/ubuntu/auto_parking/car_ws/install/auto_park2/share/auto_park2/description/prius.urdf.xacro
-- Symlinking: /home/ubuntu/auto_parking/car_ws/install/auto_park2/share/auto_park2/description/steering_wheel.mtl
-- Symlinking: /home/ubuntu/auto_parking/car_ws/install/auto_park2/share/auto_park2/description/steering_wheel.obj
-- Symlinking: /home/ubuntu/auto_parking/car_ws/install/auto_park2/share/auto_park2/description/wheel.mtl
-- Symlinking: /home/ubuntu/auto_parking/car_ws/install/auto_park2/share/auto_park2/description/wheel.obj
-- Symlinking: /home/ubuntu/auto_parking/car_ws/install/auto_park2/share/auto_park2/launch/.launch_sim.launch.py.swp
-- Symlinking: /home/ubuntu/auto_parking/car_ws/install/auto_park2/share/auto_park2/launch/launch_sim.launch.py
-- Symlinking: /home/ubuntu/auto_parking/car_ws/install/auto_park2/share/auto_park2/launch/rsp.launch.py
-- Symlinking: /home/ubuntu/auto_parking/car_ws/install/auto_park2/share/auto_park2/worlds/empty.world
-- Symlinking: /home/ubuntu/auto_parking/car_ws/install/auto_park2/share/auto_park2/worlds/parking_garage.world
-- Symlinking: /home/ubuntu/auto_parking/car_ws/install/auto_park2/share/auto_park2/worlds/parking_lot/materials/scripts/parking_lot.material
-- Symlinking: /home/ubuntu/auto_parking/car_ws/install/auto_park2/share/auto_park2/worlds/parking_lot/materials/textures/parking_lot.png
-- Symlinking: /home/ubuntu/auto_parking/car_ws/install/auto_park2/share/auto_park2/worlds/parking_lot/model.config
-- Symlinking: /home/ubuntu/auto_parking/car_ws/install/auto_park2/share/auto_park2/worlds/parking_lot/model.sdf
-- Symlinking: /home/ubuntu/auto_parking/car_ws/install/auto_park2/share/auto_park2/worlds/parking_lot1.world
-- Symlinking: /home/ubuntu/auto_parking/car_ws/install/auto_park2/share/auto_park2/worlds/parking_lot2.world
-- Symlinking: /home/ubuntu/auto_parking/car_ws/install/auto_park2/share/ament_index/resource_index/package_run_dependencies/auto_park2
-- Symlinking: /home/ubuntu/auto_parking/car_ws/install/auto_park2/share/ament_index/resource_index/parent_prefix_path/auto_park2
-- Symlinking: /home/ubuntu/auto_parking/car_ws/install/auto_park2/share/auto_park2/environment/ament_prefix_path.sh
-- Symlinking: /home/ubuntu/auto_parking/car_ws/install/auto_park2/share/auto_park2/environment/ament_prefix_path.dsv
-- Symlinking: /home/ubuntu/auto_parking/car_ws/install/auto_park2/share/auto_park2/environment/path.sh
-- Symlinking: /home/ubuntu/auto_parking/car_ws/install/auto_park2/share/auto_park2/environment/path.dsv
-- Symlinking: /home/ubuntu/auto_parking/car_ws/install/auto_park2/share/auto_park2/local_setup.bash
-- Symlinking: /home/ubuntu/auto_parking/car_ws/install/auto_park2/share/auto_park2/local_setup.sh
-- Symlinking: /home/ubuntu/auto_parking/car_ws/install/auto_park2/share/auto_park2/local_setup.zsh
-- Symlinking: /home/ubuntu/auto_parking/car_ws/install/auto_park2/share/auto_park2/local_setup.dsv
-- Symlinking: /home/ubuntu/auto_parking/car_ws/install/auto_park2/share/auto_park2/package.dsv
-- Symlinking: /home/ubuntu/auto_parking/car_ws/install/auto_park2/share/ament_index/resource_index/packages/auto_park2
-- Symlinking: /home/ubuntu/auto_parking/car_ws/install/auto_park2/share/auto_park2/cmake/auto_park2Config.cmake
-- Symlinking: /home/ubuntu/auto_parking/car_ws/install/auto_park2/share/auto_park2/cmake/auto_park2Config-version.cmake
-- Symlinking: /home/ubuntu/auto_parking/car_ws/install/auto_park2/share/auto_park2/package.xml
